
info [Sat Jul 29 2017 16:35:43 GMT+0530 (IST)]  Server listening on port 3000
error [Sat Jul 29 2017 16:35:43 GMT+0530 (IST)]  MongoDB error: MongoError: failed to connect to server [0.0.0.0:27017] on first connect [MongoError: connect ECONNREFUSED 0.0.0.0:27017]

info [Sat Jul 29 2017 16:37:01 GMT+0530 (IST)]  Server listening on port 3000
info [Sat Jul 29 2017 16:37:01 GMT+0530 (IST)]  MongoDB running

info [Sat Jul 29 2017 16:49:55 GMT+0530 (IST)]  Server listening on port 3000
info [Sat Jul 29 2017 16:49:55 GMT+0530 (IST)]  MongoDB running

info [Sat Jul 29 2017 16:50:11 GMT+0530 (IST)]  Server listening on port 3000
info [Sat Jul 29 2017 16:50:11 GMT+0530 (IST)]  MongoDB running

info [Sat Jul 29 2017 16:50:58 GMT+0530 (IST)]  Server listening on port 3000
info [Sat Jul 29 2017 16:50:58 GMT+0530 (IST)]  MongoDB running

info [Sat Jul 29 2017 16:55:40 GMT+0530 (IST)]  Server listening on port 3000
info [Sat Jul 29 2017 16:55:40 GMT+0530 (IST)]  MongoDB running

info [Sat Jul 29 2017 16:57:37 GMT+0530 (IST)]  Server listening on port 3000
info [Sat Jul 29 2017 16:57:37 GMT+0530 (IST)]  MongoDB running

info [Sat Jul 29 2017 16:59:48 GMT+0530 (IST)]  Server listening on port 3000
info [Sat Jul 29 2017 16:59:48 GMT+0530 (IST)]  MongoDB running

info [Sat Jul 29 2017 17:00:06 GMT+0530 (IST)]  Server listening on port 3000
info [Sat Jul 29 2017 17:00:06 GMT+0530 (IST)]  MongoDB running

info [Sat Jul 29 2017 17:02:42 GMT+0530 (IST)]  Server listening on port 3000
info [Sat Jul 29 2017 17:02:42 GMT+0530 (IST)]  MongoDB running

info [Sat Jul 29 2017 17:03:41 GMT+0530 (IST)]  Server listening on port 3000
info [Sat Jul 29 2017 17:03:41 GMT+0530 (IST)]  MongoDB running

info [Sat Jul 29 2017 17:04:55 GMT+0530 (IST)]  Server listening on port 3000
info [Sat Jul 29 2017 17:04:55 GMT+0530 (IST)]  MongoDB running

info [Sat Jul 29 2017 17:06:12 GMT+0530 (IST)]  Server listening on port 3000
info [Sat Jul 29 2017 17:06:12 GMT+0530 (IST)]  MongoDB running

info [Sat Jul 29 2017 17:07:59 GMT+0530 (IST)]  Server listening on port 3000
info [Sat Jul 29 2017 17:07:59 GMT+0530 (IST)]  MongoDB running

info [Sat Jul 29 2017 17:08:07 GMT+0530 (IST)]  Server listening on port 3000
info [Sat Jul 29 2017 17:08:07 GMT+0530 (IST)]  MongoDB running

info [Sat Jul 29 2017 17:08:21 GMT+0530 (IST)]  Server listening on port 3000
info [Sat Jul 29 2017 17:08:21 GMT+0530 (IST)]  MongoDB running

info [Sat Jul 29 2017 17:11:15 GMT+0530 (IST)]  Server listening on port 3000
info [Sat Jul 29 2017 17:11:15 GMT+0530 (IST)]  MongoDB running

info [Sat Jul 29 2017 17:11:37 GMT+0530 (IST)]  Server listening on port 3000
info [Sat Jul 29 2017 17:11:37 GMT+0530 (IST)]  MongoDB running

info [Sat Jul 29 2017 17:11:56 GMT+0530 (IST)]  Server listening on port 3000
info [Sat Jul 29 2017 17:11:56 GMT+0530 (IST)]  MongoDB running

info [Sat Jul 29 2017 17:12:15 GMT+0530 (IST)]  Server listening on port 3000
info [Sat Jul 29 2017 17:12:15 GMT+0530 (IST)]  MongoDB running

info [Sat Jul 29 2017 17:12:47 GMT+0530 (IST)]  Server listening on port 3000
info [Sat Jul 29 2017 17:12:47 GMT+0530 (IST)]  MongoDB running

info [Sat Jul 29 2017 17:13:35 GMT+0530 (IST)]  Server listening on port 3000
info [Sat Jul 29 2017 17:13:35 GMT+0530 (IST)]  MongoDB running

info [Sat Jul 29 2017 17:14:22 GMT+0530 (IST)]  Server listening on port 3000
info [Sat Jul 29 2017 17:14:22 GMT+0530 (IST)]  MongoDB running

info [Sat Jul 29 2017 17:14:25 GMT+0530 (IST)]  Server listening on port 3000
info [Sat Jul 29 2017 17:14:25 GMT+0530 (IST)]  MongoDB running

info [Sat Jul 29 2017 17:15:38 GMT+0530 (IST)]  Server listening on port 3000
info [Sat Jul 29 2017 17:15:38 GMT+0530 (IST)]  MongoDB running

info [Sat Jul 29 2017 17:15:47 GMT+0530 (IST)]  Server listening on port 3000
info [Sat Jul 29 2017 17:15:47 GMT+0530 (IST)]  MongoDB running

info [Sat Jul 29 2017 17:18:56 GMT+0530 (IST)]  Server listening on port 3000
info [Sat Jul 29 2017 17:18:56 GMT+0530 (IST)]  MongoDB running

info [Sat Jul 29 2017 17:19:07 GMT+0530 (IST)]  Server listening on port 3000
info [Sat Jul 29 2017 17:19:07 GMT+0530 (IST)]  MongoDB running

info [Sat Jul 29 2017 17:19:44 GMT+0530 (IST)]  Server listening on port 3000
info [Sat Jul 29 2017 17:19:44 GMT+0530 (IST)]  MongoDB running

info [Sat Jul 29 2017 17:20:46 GMT+0530 (IST)]  Server listening on port 3000
info [Sat Jul 29 2017 17:20:46 GMT+0530 (IST)]  MongoDB running

info [Sat Jul 29 2017 17:20:59 GMT+0530 (IST)]  Server listening on port 3000
info [Sat Jul 29 2017 17:20:59 GMT+0530 (IST)]  MongoDB running

info [Sat Jul 29 2017 17:21:20 GMT+0530 (IST)]  Server listening on port 3000
info [Sat Jul 29 2017 17:21:20 GMT+0530 (IST)]  MongoDB running

info [Sat Jul 29 2017 17:22:07 GMT+0530 (IST)]  Server listening on port 3000
info [Sat Jul 29 2017 17:22:07 GMT+0530 (IST)]  MongoDB running

info [Sat Jul 29 2017 17:22:23 GMT+0530 (IST)]  Server listening on port 3000
info [Sat Jul 29 2017 17:22:23 GMT+0530 (IST)]  MongoDB running

info [Sat Jul 29 2017 17:24:03 GMT+0530 (IST)]  Server listening on port 3000
info [Sat Jul 29 2017 17:24:03 GMT+0530 (IST)]  MongoDB running

info [Sat Jul 29 2017 17:25:15 GMT+0530 (IST)]  Server listening on port 3000
info [Sat Jul 29 2017 17:25:15 GMT+0530 (IST)]  MongoDB running

info [Sat Jul 29 2017 17:26:09 GMT+0530 (IST)]  Server listening on port 3000
info [Sat Jul 29 2017 17:26:09 GMT+0530 (IST)]  MongoDB running

info [Sat Jul 29 2017 17:26:22 GMT+0530 (IST)]  Server listening on port 3000
info [Sat Jul 29 2017 17:26:22 GMT+0530 (IST)]  MongoDB running

info [Sat Jul 29 2017 17:26:51 GMT+0530 (IST)]  Server listening on port 3000
info [Sat Jul 29 2017 17:26:51 GMT+0530 (IST)]  MongoDB running

info [Sat Jul 29 2017 17:27:36 GMT+0530 (IST)]  Server listening on port 3000
info [Sat Jul 29 2017 17:27:36 GMT+0530 (IST)]  MongoDB running

info [Sat Jul 29 2017 17:29:35 GMT+0530 (IST)]  Server listening on port 3000
info [Sat Jul 29 2017 17:29:35 GMT+0530 (IST)]  MongoDB running

info [Sat Jul 29 2017 17:30:02 GMT+0530 (IST)]  Server listening on port 3000
info [Sat Jul 29 2017 17:30:02 GMT+0530 (IST)]  MongoDB running

info [Sat Jul 29 2017 17:33:44 GMT+0530 (IST)]  Server listening on port 3000
info [Sat Jul 29 2017 17:33:44 GMT+0530 (IST)]  MongoDB running

info [Sat Jul 29 2017 17:34:22 GMT+0530 (IST)]  Server listening on port 3000
info [Sat Jul 29 2017 17:34:22 GMT+0530 (IST)]  MongoDB running

info [Sat Jul 29 2017 17:34:45 GMT+0530 (IST)]  Server listening on port 3000
info [Sat Jul 29 2017 17:34:45 GMT+0530 (IST)]  MongoDB running

info [Sat Jul 29 2017 17:40:59 GMT+0530 (IST)]  Server listening on port 3000
info [Sat Jul 29 2017 17:40:59 GMT+0530 (IST)]  MongoDB running

info [Sat Jul 29 2017 17:42:18 GMT+0530 (IST)]  Server listening on port 3000
info [Sat Jul 29 2017 17:42:18 GMT+0530 (IST)]  MongoDB running

info [Sat Jul 29 2017 17:43:41 GMT+0530 (IST)]  Server listening on port 3000
info [Sat Jul 29 2017 17:43:41 GMT+0530 (IST)]  MongoDB running

info [Sat Jul 29 2017 17:44:12 GMT+0530 (IST)]  Server listening on port 3000
info [Sat Jul 29 2017 17:44:12 GMT+0530 (IST)]  MongoDB running

info [Sat Jul 29 2017 17:44:31 GMT+0530 (IST)]  Server listening on port 3000
info [Sat Jul 29 2017 17:44:31 GMT+0530 (IST)]  MongoDB running

info [Sat Jul 29 2017 17:44:44 GMT+0530 (IST)]  Server listening on port 3000
info [Sat Jul 29 2017 17:44:44 GMT+0530 (IST)]  MongoDB running

info [Sat Jul 29 2017 17:47:15 GMT+0530 (IST)]  Server listening on port 3000
info [Sat Jul 29 2017 17:47:15 GMT+0530 (IST)]  MongoDB running

info [Sat Jul 29 2017 17:47:46 GMT+0530 (IST)]  Server listening on port 3000
info [Sat Jul 29 2017 17:47:46 GMT+0530 (IST)]  MongoDB running

info [Sat Jul 29 2017 17:48:05 GMT+0530 (IST)]  Server listening on port 3000
info [Sat Jul 29 2017 17:48:05 GMT+0530 (IST)]  MongoDB running

info [Sat Jul 29 2017 17:49:06 GMT+0530 (IST)]  Server listening on port 3000
info [Sat Jul 29 2017 17:49:06 GMT+0530 (IST)]  MongoDB running

info [Sat Jul 29 2017 17:50:15 GMT+0530 (IST)]  Server listening on port 3000
info [Sat Jul 29 2017 17:50:15 GMT+0530 (IST)]  MongoDB running
info [Sat Jul 29 2017 17:50:21 GMT+0530 (IST)]  Book saved The Book Thief

info [Sat Jul 29 2017 17:51:11 GMT+0530 (IST)]  Server listening on port 3000
info [Sat Jul 29 2017 17:51:11 GMT+0530 (IST)]  MongoDB running
info [Sat Jul 29 2017 17:51:38 GMT+0530 (IST)]  Book saved The Messenger

info [Sat Jul 29 2017 21:09:36 GMT+0530 (IST)]  Server listening on port 3000
info [Sat Jul 29 2017 21:09:36 GMT+0530 (IST)]  MongoDB running

info [Sat Jul 29 2017 21:10:06 GMT+0530 (IST)]  Server listening on port 3000
info [Sat Jul 29 2017 21:10:06 GMT+0530 (IST)]  MongoDB running

info [Sat Jul 29 2017 21:10:12 GMT+0530 (IST)]  Server listening on port 3000
info [Sat Jul 29 2017 21:10:12 GMT+0530 (IST)]  MongoDB running

info [Sat Jul 29 2017 21:14:52 GMT+0530 (IST)]  Server listening on port 3000
info [Sat Jul 29 2017 21:14:52 GMT+0530 (IST)]  MongoDB running

info [Sat Jul 29 2017 21:15:03 GMT+0530 (IST)]  Server listening on port 3000
info [Sat Jul 29 2017 21:15:03 GMT+0530 (IST)]  MongoDB running

info [Sat Jul 29 2017 21:15:18 GMT+0530 (IST)]  Server listening on port 3000
info [Sat Jul 29 2017 21:15:18 GMT+0530 (IST)]  MongoDB running

info [Sat Jul 29 2017 21:22:03 GMT+0530 (IST)]  Server listening on port 3000
info [Sat Jul 29 2017 21:22:03 GMT+0530 (IST)]  MongoDB running

info [Sun Jul 30 2017 10:35:40 GMT+0530 (IST)]  Server listening on port 3000
info [Sun Jul 30 2017 10:35:40 GMT+0530 (IST)]  MongoDB running

info [Sun Jul 30 2017 10:35:45 GMT+0530 (IST)]  Server listening on port 3000
info [Sun Jul 30 2017 10:35:45 GMT+0530 (IST)]  MongoDB running

info [Sun Jul 30 2017 11:17:58 GMT+0530 (IST)]  Server listening on port 3000
info [Sun Jul 30 2017 11:17:58 GMT+0530 (IST)]  MongoDB running

info [Sun Jul 30 2017 11:18:12 GMT+0530 (IST)]  Server listening on port 3000
info [Sun Jul 30 2017 11:18:12 GMT+0530 (IST)]  MongoDB running

info [Sun Jul 30 2017 11:18:58 GMT+0530 (IST)]  Server listening on port 3000
info [Sun Jul 30 2017 11:18:58 GMT+0530 (IST)]  MongoDB running

info [Sun Jul 30 2017 11:20:11 GMT+0530 (IST)]  Server listening on port 3000
info [Sun Jul 30 2017 11:20:11 GMT+0530 (IST)]  MongoDB running
error [Sun Jul 30 2017 11:20:13 GMT+0530 (IST)]  Error while deleting book: TypeError: Cannot read property 'id' of undefined

info [Sun Jul 30 2017 11:20:44 GMT+0530 (IST)]  Server listening on port 3000
info [Sun Jul 30 2017 11:20:44 GMT+0530 (IST)]  MongoDB running
error [Sun Jul 30 2017 11:20:50 GMT+0530 (IST)]  Error while deleting book: TypeError: Cannot read property 'id' of undefined

info [Sun Jul 30 2017 11:21:13 GMT+0530 (IST)]  Server listening on port 3000
info [Sun Jul 30 2017 11:21:13 GMT+0530 (IST)]  MongoDB running

info [Sun Jul 30 2017 18:07:20 GMT+0530 (IST)]  Server listening on port 3000
info [Sun Jul 30 2017 18:07:20 GMT+0530 (IST)]  MongoDB running

info [Sun Jul 30 2017 18:13:12 GMT+0530 (IST)]  Server listening on port 3000
info [Sun Jul 30 2017 18:13:12 GMT+0530 (IST)]  MongoDB running

info [Sun Jul 30 2017 18:14:03 GMT+0530 (IST)]  Server listening on port 3000
info [Sun Jul 30 2017 18:14:03 GMT+0530 (IST)]  MongoDB running

info [Sun Jul 30 2017 18:14:16 GMT+0530 (IST)]  Server listening on port 3000
info [Sun Jul 30 2017 18:14:16 GMT+0530 (IST)]  MongoDB running

info [Sun Jul 30 2017 18:14:39 GMT+0530 (IST)]  Server listening on port 3000
info [Sun Jul 30 2017 18:14:39 GMT+0530 (IST)]  MongoDB running

info [Sun Jul 30 2017 18:15:20 GMT+0530 (IST)]  Server listening on port 3000
info [Sun Jul 30 2017 18:15:20 GMT+0530 (IST)]  MongoDB running

info [Sun Jul 30 2017 18:16:03 GMT+0530 (IST)]  Server listening on port 3000
info [Sun Jul 30 2017 18:16:03 GMT+0530 (IST)]  MongoDB running

info [Sun Jul 30 2017 18:16:15 GMT+0530 (IST)]  Server listening on port 3000
info [Sun Jul 30 2017 18:16:15 GMT+0530 (IST)]  MongoDB running

info [Sun Jul 30 2017 18:17:40 GMT+0530 (IST)]  Server listening on port 3000
info [Sun Jul 30 2017 18:17:40 GMT+0530 (IST)]  MongoDB running

info [Sun Jul 30 2017 18:17:59 GMT+0530 (IST)]  Server listening on port 3000
info [Sun Jul 30 2017 18:17:59 GMT+0530 (IST)]  MongoDB running

info [Sun Jul 30 2017 18:20:53 GMT+0530 (IST)]  Server listening on port 3000
info [Sun Jul 30 2017 18:20:53 GMT+0530 (IST)]  MongoDB running

info [Sun Jul 30 2017 18:22:03 GMT+0530 (IST)]  Server listening on port 3000
info [Sun Jul 30 2017 18:22:03 GMT+0530 (IST)]  MongoDB running

info [Sun Jul 30 2017 18:22:21 GMT+0530 (IST)]  Server listening on port 3000
info [Sun Jul 30 2017 18:22:21 GMT+0530 (IST)]  MongoDB running

info [Sun Jul 30 2017 18:22:37 GMT+0530 (IST)]  Server listening on port 3000
info [Sun Jul 30 2017 18:22:37 GMT+0530 (IST)]  MongoDB running

info [Sun Jul 30 2017 18:22:59 GMT+0530 (IST)]  Server listening on port 3000
info [Sun Jul 30 2017 18:22:59 GMT+0530 (IST)]  MongoDB running

info [Sun Jul 30 2017 18:24:34 GMT+0530 (IST)]  Server listening on port 3000
info [Sun Jul 30 2017 18:24:34 GMT+0530 (IST)]  MongoDB running

info [Sun Jul 30 2017 18:24:49 GMT+0530 (IST)]  Server listening on port 3000
info [Sun Jul 30 2017 18:24:49 GMT+0530 (IST)]  MongoDB running

info [Sun Jul 30 2017 18:25:58 GMT+0530 (IST)]  Server listening on port 3000
info [Sun Jul 30 2017 18:25:58 GMT+0530 (IST)]  MongoDB running

info [Sun Jul 30 2017 19:13:37 GMT+0530 (IST)]  Server listening on port 3000
info [Sun Jul 30 2017 19:13:37 GMT+0530 (IST)]  MongoDB running

info [Sun Jul 30 2017 19:14:32 GMT+0530 (IST)]  Server listening on port 3000
info [Sun Jul 30 2017 19:14:32 GMT+0530 (IST)]  MongoDB running

info [Sun Jul 30 2017 19:16:53 GMT+0530 (IST)]  Server listening on port 3000
info [Sun Jul 30 2017 19:16:54 GMT+0530 (IST)]  MongoDB running

info [Sun Jul 30 2017 19:17:59 GMT+0530 (IST)]  Server listening on port 3000
info [Sun Jul 30 2017 19:17:59 GMT+0530 (IST)]  MongoDB running

info [Sun Jul 30 2017 19:19:30 GMT+0530 (IST)]  Server listening on port 3000
info [Sun Jul 30 2017 19:19:30 GMT+0530 (IST)]  MongoDB running

info [Sun Jul 30 2017 19:21:19 GMT+0530 (IST)]  Server listening on port 3000
info [Sun Jul 30 2017 19:21:19 GMT+0530 (IST)]  MongoDB running

info [Sun Jul 30 2017 19:22:12 GMT+0530 (IST)]  Server listening on port 3000
info [Sun Jul 30 2017 19:22:12 GMT+0530 (IST)]  MongoDB running

info [Sun Jul 30 2017 19:22:24 GMT+0530 (IST)]  Server listening on port 3000
info [Sun Jul 30 2017 19:22:24 GMT+0530 (IST)]  MongoDB running

info [Sun Jul 30 2017 19:22:41 GMT+0530 (IST)]  Server listening on port 3000
info [Sun Jul 30 2017 19:22:41 GMT+0530 (IST)]  MongoDB running

info [Sun Jul 30 2017 19:25:14 GMT+0530 (IST)]  Server listening on port 3000
info [Sun Jul 30 2017 19:25:14 GMT+0530 (IST)]  MongoDB running

info [Sun Jul 30 2017 19:26:31 GMT+0530 (IST)]  Server listening on port 3000
info [Sun Jul 30 2017 19:26:32 GMT+0530 (IST)]  MongoDB running

info [Sun Jul 30 2017 19:27:32 GMT+0530 (IST)]  Server listening on port 3000
info [Sun Jul 30 2017 19:27:32 GMT+0530 (IST)]  MongoDB running

info [Sun Jul 30 2017 19:28:09 GMT+0530 (IST)]  Server listening on port 3000
info [Sun Jul 30 2017 19:28:09 GMT+0530 (IST)]  MongoDB running

info [Sun Jul 30 2017 19:28:35 GMT+0530 (IST)]  Server listening on port 3000
info [Sun Jul 30 2017 19:28:36 GMT+0530 (IST)]  MongoDB running

info [Sun Jul 30 2017 19:29:07 GMT+0530 (IST)]  Server listening on port 3000
info [Sun Jul 30 2017 19:29:07 GMT+0530 (IST)]  MongoDB running

info [Sun Jul 30 2017 19:29:58 GMT+0530 (IST)]  Server listening on port 3000
info [Sun Jul 30 2017 19:29:58 GMT+0530 (IST)]  MongoDB running

info [Sun Jul 30 2017 19:30:10 GMT+0530 (IST)]  Server listening on port 3000
info [Sun Jul 30 2017 19:30:10 GMT+0530 (IST)]  MongoDB running

info [Sun Jul 30 2017 19:30:21 GMT+0530 (IST)]  Server listening on port 3000
info [Sun Jul 30 2017 19:30:21 GMT+0530 (IST)]  MongoDB running

info [Sun Jul 30 2017 19:30:26 GMT+0530 (IST)]  Server listening on port 3000
info [Sun Jul 30 2017 19:30:26 GMT+0530 (IST)]  MongoDB running

info [Sun Jul 30 2017 19:31:05 GMT+0530 (IST)]  Server listening on port 3000
info [Sun Jul 30 2017 19:31:05 GMT+0530 (IST)]  MongoDB running

info [Sun Jul 30 2017 19:31:32 GMT+0530 (IST)]  Server listening on port 3000
info [Sun Jul 30 2017 19:31:32 GMT+0530 (IST)]  MongoDB running

info [Sun Jul 30 2017 19:32:15 GMT+0530 (IST)]  Server listening on port 3000
info [Sun Jul 30 2017 19:32:15 GMT+0530 (IST)]  MongoDB running

info [Sun Jul 30 2017 19:32:43 GMT+0530 (IST)]  Server listening on port 3000
info [Sun Jul 30 2017 19:32:43 GMT+0530 (IST)]  MongoDB running

info [Sun Jul 30 2017 19:33:52 GMT+0530 (IST)]  Server listening on port 3000
info [Sun Jul 30 2017 19:33:52 GMT+0530 (IST)]  MongoDB running

info [Sun Jul 30 2017 19:34:52 GMT+0530 (IST)]  Server listening on port 3000
info [Sun Jul 30 2017 19:34:52 GMT+0530 (IST)]  MongoDB running

info [Sun Jul 30 2017 19:35:11 GMT+0530 (IST)]  Server listening on port 3000
info [Sun Jul 30 2017 19:35:11 GMT+0530 (IST)]  MongoDB running

info [Sun Jul 30 2017 19:35:48 GMT+0530 (IST)]  Server listening on port 3000
info [Sun Jul 30 2017 19:35:48 GMT+0530 (IST)]  MongoDB running

info [Sun Jul 30 2017 19:35:52 GMT+0530 (IST)]  Server listening on port 3000
info [Sun Jul 30 2017 19:35:52 GMT+0530 (IST)]  MongoDB running

info [Sun Jul 30 2017 19:36:07 GMT+0530 (IST)]  Server listening on port 3000
info [Sun Jul 30 2017 19:36:07 GMT+0530 (IST)]  MongoDB running

info [Sun Jul 30 2017 19:36:37 GMT+0530 (IST)]  Server listening on port 3000
info [Sun Jul 30 2017 19:36:37 GMT+0530 (IST)]  MongoDB running

info [Sun Jul 30 2017 19:52:38 GMT+0530 (IST)]  Server listening on port 3000
info [Sun Jul 30 2017 19:52:38 GMT+0530 (IST)]  MongoDB running

info [Sun Jul 30 2017 19:52:44 GMT+0530 (IST)]  Server listening on port 3000
info [Sun Jul 30 2017 19:52:45 GMT+0530 (IST)]  MongoDB running

info [Sun Jul 30 2017 19:57:24 GMT+0530 (IST)]  Server listening on port 3000
info [Sun Jul 30 2017 19:57:24 GMT+0530 (IST)]  MongoDB running

info [Sun Jul 30 2017 19:57:46 GMT+0530 (IST)]  Server listening on port 3000
info [Sun Jul 30 2017 19:57:46 GMT+0530 (IST)]  MongoDB running

info [Sun Jul 30 2017 19:59:35 GMT+0530 (IST)]  Server listening on port 3000
info [Sun Jul 30 2017 19:59:35 GMT+0530 (IST)]  MongoDB running

info [Sun Jul 30 2017 19:59:44 GMT+0530 (IST)]  Server listening on port 3000
info [Sun Jul 30 2017 19:59:44 GMT+0530 (IST)]  MongoDB running

info [Sun Jul 30 2017 19:59:56 GMT+0530 (IST)]  Server listening on port 3000
info [Sun Jul 30 2017 19:59:56 GMT+0530 (IST)]  MongoDB running
info [Sun Jul 30 2017 20:00:41 GMT+0530 (IST)]  Book saved Sita Warrior princess of Mithila
error [Sun Jul 30 2017 20:00:41 GMT+0530 (IST)]  Error while fetch Book's Author: CastError: Cast to ObjectId failed for value "{ _id: undefined }" at path "_id" for model "Author"

info [Sun Jul 30 2017 20:03:23 GMT+0530 (IST)]  Server listening on port 3000
info [Sun Jul 30 2017 20:03:23 GMT+0530 (IST)]  MongoDB running
error [Sun Jul 30 2017 20:03:25 GMT+0530 (IST)]  Error while fetch Book's Author: CastError: Cast to ObjectId failed for value "{ _id: undefined }" at path "_id" for model "Author"
info [Sun Jul 30 2017 20:03:33 GMT+0530 (IST)]  Book saved Sita Warrior princess of Mithila
error [Sun Jul 30 2017 20:03:33 GMT+0530 (IST)]  Error while fetch Book's Author: CastError: Cast to ObjectId failed for value "{ _id: undefined }" at path "_id" for model "Author"

info [Sun Jul 30 2017 20:04:50 GMT+0530 (IST)]  Server listening on port 3000
info [Sun Jul 30 2017 20:04:50 GMT+0530 (IST)]  MongoDB running
error [Sun Jul 30 2017 20:04:54 GMT+0530 (IST)]  Error while fetch Book's Author: CastError: Cast to ObjectId failed for value "{ _id: undefined }" at path "_id" for model "Author"
error [Sun Jul 30 2017 20:04:54 GMT+0530 (IST)]  Error while fetch Book's Author: CastError: Cast to ObjectId failed for value "{ _id: undefined }" at path "_id" for model "Author"

info [Sun Jul 30 2017 20:05:23 GMT+0530 (IST)]  Server listening on port 3000
info [Sun Jul 30 2017 20:05:23 GMT+0530 (IST)]  MongoDB running

info [Sun Jul 30 2017 20:05:26 GMT+0530 (IST)]  Server listening on port 3000
info [Sun Jul 30 2017 20:05:26 GMT+0530 (IST)]  MongoDB running
error [Sun Jul 30 2017 20:05:29 GMT+0530 (IST)]  Error while fetch Book's Author: ReferenceError: authorId is not defined
error [Sun Jul 30 2017 20:05:29 GMT+0530 (IST)]  Error while fetch Book's Author: ReferenceError: authorId is not defined

info [Sun Jul 30 2017 20:05:56 GMT+0530 (IST)]  Server listening on port 3000
info [Sun Jul 30 2017 20:05:56 GMT+0530 (IST)]  MongoDB running
error [Sun Jul 30 2017 20:06:06 GMT+0530 (IST)]  Error while fetch Book's Author: CastError: Cast to ObjectId failed for value "{ _id: undefined }" at path "_id" for model "Author"
error [Sun Jul 30 2017 20:06:06 GMT+0530 (IST)]  Error while fetch Book's Author: CastError: Cast to ObjectId failed for value "{ _id: undefined }" at path "_id" for model "Author"

info [Sun Jul 30 2017 20:06:36 GMT+0530 (IST)]  Server listening on port 3000
info [Sun Jul 30 2017 20:06:36 GMT+0530 (IST)]  MongoDB running
error [Sun Jul 30 2017 20:06:40 GMT+0530 (IST)]  Error while fetch Book's Author: CastError: Cast to ObjectId failed for value "{ _id: undefined }" at path "_id" for model "Author"
error [Sun Jul 30 2017 20:06:40 GMT+0530 (IST)]  Error while fetch Book's Author: CastError: Cast to ObjectId failed for value "{ _id: undefined }" at path "_id" for model "Author"

info [Sun Jul 30 2017 20:06:59 GMT+0530 (IST)]  Server listening on port 3000
info [Sun Jul 30 2017 20:06:59 GMT+0530 (IST)]  MongoDB running
error [Sun Jul 30 2017 20:07:03 GMT+0530 (IST)]  Error while fetch Book's Author: CastError: Cast to ObjectId failed for value "{ _id: undefined }" at path "_id" for model "Author"
error [Sun Jul 30 2017 20:07:03 GMT+0530 (IST)]  Error while fetch Book's Author: CastError: Cast to ObjectId failed for value "{ _id: undefined }" at path "_id" for model "Author"

info [Sun Jul 30 2017 20:08:06 GMT+0530 (IST)]  Server listening on port 3000
info [Sun Jul 30 2017 20:08:06 GMT+0530 (IST)]  MongoDB running

info [Sun Jul 30 2017 20:08:56 GMT+0530 (IST)]  Server listening on port 3000
info [Sun Jul 30 2017 20:08:56 GMT+0530 (IST)]  MongoDB running

info [Sun Jul 30 2017 20:09:02 GMT+0530 (IST)]  Server listening on port 3000
info [Sun Jul 30 2017 20:09:02 GMT+0530 (IST)]  MongoDB running

info [Sun Jul 30 2017 20:09:23 GMT+0530 (IST)]  Server listening on port 3000
info [Sun Jul 30 2017 20:09:23 GMT+0530 (IST)]  MongoDB running

info [Sun Jul 30 2017 20:09:27 GMT+0530 (IST)]  Server listening on port 3000
info [Sun Jul 30 2017 20:09:27 GMT+0530 (IST)]  MongoDB running

info [Sun Jul 30 2017 20:10:22 GMT+0530 (IST)]  Server listening on port 3000
info [Sun Jul 30 2017 20:10:22 GMT+0530 (IST)]  MongoDB running
error [Sun Jul 30 2017 20:10:29 GMT+0530 (IST)]  Error while fetching author: CastError: Cast to ObjectId failed for value "{ _id: undefined }" at path "_id" for model "Author"

info [Sun Jul 30 2017 20:10:59 GMT+0530 (IST)]  Server listening on port 3000
info [Sun Jul 30 2017 20:10:59 GMT+0530 (IST)]  MongoDB running

info [Sun Jul 30 2017 20:12:00 GMT+0530 (IST)]  Server listening on port 3000
info [Sun Jul 30 2017 20:12:00 GMT+0530 (IST)]  MongoDB running
info [Sun Jul 30 2017 20:14:20 GMT+0530 (IST)]  Book saved The Book Thief

info [Sun Jul 30 2017 22:50:56 GMT+0530 (IST)]  Server listening on port 3000
info [Sun Jul 30 2017 22:50:56 GMT+0530 (IST)]  MongoDB running

info [Sun Jul 30 2017 22:51:00 GMT+0530 (IST)]  Server listening on port 3000
info [Sun Jul 30 2017 22:51:00 GMT+0530 (IST)]  MongoDB running

info [Sun Jul 30 2017 22:51:22 GMT+0530 (IST)]  Server listening on port 3000
info [Sun Jul 30 2017 22:51:22 GMT+0530 (IST)]  MongoDB running

info [Sun Jul 30 2017 22:52:22 GMT+0530 (IST)]  Server listening on port 3000
info [Sun Jul 30 2017 22:52:22 GMT+0530 (IST)]  MongoDB running

info [Sun Jul 30 2017 22:52:56 GMT+0530 (IST)]  Server listening on port 3000
info [Sun Jul 30 2017 22:52:56 GMT+0530 (IST)]  MongoDB running

info [Sun Jul 30 2017 22:55:19 GMT+0530 (IST)]  Server listening on port 3000
info [Sun Jul 30 2017 22:55:19 GMT+0530 (IST)]  MongoDB running
